<?xml version="1.0" encoding="UTF-8"?>
<Site BuildName="(empty)"
	BuildStamp="20230513-1511-Experimental"
	Name="(empty)"
	Generator="ctest-3.25.1-msvc1"
	CompilerName=""
	CompilerVersion=""
	OSName="Windows"
	Hostname="LEGION-Y9000P-IAH7H"
	OSRelease=" Personal"
	OSVersion=" (Build 22621)"
	OSPlatform="AMD64"
	Is64Bits="1"
	VendorString="GenuineIntel"
	VendorID="Intel Corporation"
	FamilyID="6"
	ModelID="10"
	ProcessorCacheSize="-1"
	NumberOfLogicalCPU="20"
	NumberOfPhysicalCPU="14"
	TotalVirtualMemory="24812"
	TotalPhysicalMemory="16108"
	LogicalProcessorsPerPhysical="1"
	ProcessorClockFrequency="2918"
	>
	<Testing>
		<StartDateTime>May 13 23:11 [NON-UTF-8-BYTE-0xD6]й[NON-UTF-8-BYTE-0xFA][NON-UTF-8-BYTE-0xB1][NON-UTF-8-BYTE-0xEA]׼ʱ[NON-UTF-8-BYTE-0xBC][NON-UTF-8-BYTE-0xE4]</StartDateTime>
		<StartTestTime>1683990713</StartTestTime>
		<TestList/>
		<EndDateTime>May 13 23:11 [NON-UTF-8-BYTE-0xD6]й[NON-UTF-8-BYTE-0xFA][NON-UTF-8-BYTE-0xB1][NON-UTF-8-BYTE-0xEA]׼ʱ[NON-UTF-8-BYTE-0xBC][NON-UTF-8-BYTE-0xE4]</EndDateTime>
		<EndTestTime>1683990713</EndTestTime>
		<ElapsedMinutes>0</ElapsedMinutes>
	</Testing>
</Site>
